build/app/intermediates/manifest_merge_blame_file/debug/manifest-merger-blame-debug-report.txt
1<?xml version="1.0" encoding="utf-8"?>
2<!--
3 Copyright 2014 The Flutter Authors. All rights reserved.
4Use of this source code is governed by a BSD-style license that can be
5found in the LICENSE file.
6-->
7<manifest xmlns:android="http://schemas.android.com/apk/res/android"
8    package="io.flutter.examples.flutter_view"
9    android:versionCode="1"
10    android:versionName="1.0" >
11
12    <uses-sdk
13        android:minSdkVersion="16"
13-->src/main/AndroidManifest.xml
14        android:targetSdkVersion="28" />
14-->src/main/AndroidManifest.xml
15
16    <!--
17         The INTERNET permission is required for development. Specifically, flutter needs it to communicate with the running application
18         to allow setting breakpoints, to provide hot reload, etc.
19    -->
20    <uses-permission android:name="android.permission.INTERNET" />
20-->src/main/AndroidManifest.xml:11:5-66
20-->src/main/AndroidManifest.xml:11:22-64
21
22    <application
22-->src/main/AndroidManifest.xml:13:5-25:19
23        android:appComponentFactory="androidx.core.app.CoreComponentFactory"
23-->[androidx.core:core:1.1.0] AndroidManifest.xml:24:18-86
24        android:debuggable="true"
25        android:icon="@mipmap/ic_launcher"
25-->src/main/AndroidManifest.xml:13:47-81
26        android:label="flutter_view"
26-->src/main/AndroidManifest.xml:13:18-46
27        android:testOnly="true" >
28        <activity
28-->src/main/AndroidManifest.xml:14:9-24:20
29            android:name="com.example.view.MainActivity"
29-->src/main/AndroidManifest.xml:14:19-47
30            android:configChanges="orientation|keyboardHidden|keyboard|screenSize|locale|layoutDirection|fontScale|screenLayout|density|uiMode"
30-->src/main/AndroidManifest.xml:17:19-150
31            android:hardwareAccelerated="true"
31-->src/main/AndroidManifest.xml:18:19-53
32            android:launchMode="singleTop"
32-->src/main/AndroidManifest.xml:15:19-49
33            android:theme="@style/Theme.AppCompat"
33-->src/main/AndroidManifest.xml:16:19-57
34            android:windowSoftInputMode="adjustResize" >
34-->src/main/AndroidManifest.xml:19:19-61
35            <intent-filter>
35-->src/main/AndroidManifest.xml:20:13-23:29
36                <action android:name="android.intent.action.MAIN" />
36-->src/main/AndroidManifest.xml:21:17-68
36-->src/main/AndroidManifest.xml:21:25-66
37
38                <category android:name="android.intent.category.LAUNCHER" />
38-->src/main/AndroidManifest.xml:22:17-76
38-->src/main/AndroidManifest.xml:22:27-74
39            </intent-filter>
40        </activity>
41    </application>
42
43</manifest>